[O]2000                 ORG 2000H
[O]2000                 
[C]2000 3A0230          LDA 3002H
[C]2003 47              MOV B,A
[C]2004 3A0530          LDA 3005H
[C]2007 80              ADD B
[C]2008 27              DAA
[C]2009 320830          STA 3008H
[O]200C                 
[C]200C 3A0130          LDA 3001H
[C]200F 47              MOV B,A
[C]2010 3A0430          LDA 3004H
[C]2013 88              ADC B
[C]2014 27              DAA
[C]2015 320730          STA 3007H
[O]2018                 
[C]2018 3A0030          LDA 3000H
[C]201B 47              MOV B,A
[C]201C 3A0330          LDA 3003H
[C]201F 88              ADC B
[C]2020 27              DAA
[C]2021 320630          STA 3006H
[O]2024                 
[O]2024                 END


[LABELS]
--------
